TN:
SF:src/cliente.ts
FN:1,<instance_members_initializer>
FN:5,Cliente
FNF:2
FNH:2
FNDA:2,<instance_members_initializer>
FNDA:2,Cliente
DA:1,2
DA:2,2
DA:3,2
DA:4,2
DA:5,2
DA:6,2
DA:7,2
DA:8,2
DA:9,2
LF:9
LH:9
BRDA:1,0,0,2
BRDA:5,1,0,2
BRF:2
BRH:2
end_of_record
TN:
SF:src/compacto.ts
FN:4,Compacto
FN:8,calcularCostoFinal
FNF:2
FNH:2
FNDA:2,Compacto
FNDA:2,calcularCostoFinal
DA:1,1
DA:2,1
DA:3,1
DA:4,1
DA:5,2
DA:6,2
DA:7,1
DA:8,1
DA:9,2
DA:10,2
DA:11,2
DA:12,1
DA:13,1
DA:14,2
DA:15,2
DA:16,2
DA:17,2
DA:18,2
DA:19,1
LF:19
LH:19
BRDA:4,0,0,2
BRDA:8,1,0,2
BRDA:11,2,0,1
BRF:3
BRH:3
end_of_record
TN:
SF:src/reserva.ts
FN:4,<instance_members_initializer>
FNF:1
FNH:0
FNDA:0,<instance_members_initializer>
DA:1,1
DA:2,1
DA:3,1
DA:4,0
DA:5,0
DA:6,0
DA:7,0
DA:8,0
DA:9,0
DA:10,0
DA:11,0
DA:12,0
DA:13,0
DA:14,0
DA:15,0
DA:16,0
DA:17,0
DA:18,0
DA:19,0
DA:20,0
DA:21,0
DA:22,0
DA:23,0
DA:24,0
DA:25,0
DA:26,0
DA:27,0
DA:28,0
DA:29,0
DA:30,0
DA:31,0
DA:32,0
DA:33,0
DA:34,0
DA:35,0
DA:36,0
DA:37,0
DA:38,0
DA:39,0
DA:40,0
LF:40
LH:3
BRDA:4,0,0,0
BRF:1
BRH:0
end_of_record
TN:
SF:src/sistemaDeAlquiler.ts
FN:5,<instance_members_initializer>
FN:10,SistemaDeAlquiler
FN:15,agregarVehiculo
FN:19,crearReserva
FN:31,entregarVehiculo
FN:47,estaDisponible
FN:57,verificarAutoDisponible
FN:68,verificarHorarioDisponible
FN:78,calcularDuracionEnDias
FN:87,eliminarReserva
FNF:10
FNH:3
FNDA:2,<instance_members_initializer>
FNDA:2,SistemaDeAlquiler
FNDA:1,agregarVehiculo
FNDA:0,crearReserva
FNDA:0,entregarVehiculo
FNDA:0,estaDisponible
FNDA:0,verificarAutoDisponible
FNDA:0,verificarHorarioDisponible
FNDA:0,calcularDuracionEnDias
FNDA:0,eliminarReserva
DA:1,1
DA:2,1
DA:3,1
DA:4,1
DA:5,2
DA:6,2
DA:7,2
DA:8,2
DA:9,2
DA:10,2
DA:11,2
DA:12,2
DA:13,2
DA:14,2
DA:15,2
DA:16,1
DA:17,1
DA:18,2
DA:19,2
DA:20,0
DA:21,0
DA:22,0
DA:23,0
DA:24,0
DA:25,0
DA:26,0
DA:27,0
DA:28,0
DA:29,0
DA:30,2
DA:31,2
DA:32,0
DA:33,0
DA:34,0
DA:35,0
DA:36,0
DA:37,0
DA:38,0
DA:39,0
DA:40,0
DA:41,0
DA:42,0
DA:43,0
DA:44,0
DA:45,0
DA:46,2
DA:47,2
DA:48,0
DA:49,0
DA:50,0
DA:51,0
DA:52,0
DA:53,0
DA:54,0
DA:55,2
DA:56,2
DA:57,2
DA:58,0
DA:59,0
DA:60,0
DA:61,0
DA:62,0
DA:63,0
DA:64,0
DA:65,0
DA:66,0
DA:67,2
DA:68,2
DA:69,0
DA:70,0
DA:71,0
DA:72,0
DA:73,0
DA:74,0
DA:75,0
DA:76,0
DA:77,2
DA:78,2
DA:79,0
DA:80,0
DA:81,0
DA:82,0
DA:83,0
DA:84,0
DA:85,0
DA:86,2
DA:87,2
DA:88,0
DA:89,0
DA:90,0
DA:91,0
DA:92,0
DA:93,0
DA:94,0
DA:95,0
DA:96,2
DA:97,2
LF:97
LH:34
BRDA:5,0,0,2
BRDA:10,1,0,2
BRDA:15,2,0,1
BRF:3
BRH:3
end_of_record
TN:
SF:src/vehiculo.ts
FN:1,<instance_members_initializer>
FN:8,Vehiculo
FN:16,getNumeroMatricula
FN:21,setEstado
FN:25,getEstado
FNF:5
FNH:2
FNDA:2,<instance_members_initializer>
FNDA:2,Vehiculo
FNDA:0,getNumeroMatricula
FNDA:0,setEstado
FNDA:0,getEstado
DA:1,2
DA:2,2
DA:3,2
DA:4,2
DA:5,2
DA:6,2
DA:7,2
DA:8,2
DA:9,2
DA:10,2
DA:11,2
DA:12,2
DA:13,2
DA:14,2
DA:15,2
DA:16,2
DA:17,0
DA:18,0
DA:19,2
DA:20,2
DA:21,2
DA:22,0
DA:23,0
DA:24,2
DA:25,2
DA:26,0
DA:27,0
DA:28,2
DA:29,2
DA:30,2
DA:31,2
DA:32,2
DA:33,2
LF:33
LH:27
BRDA:1,0,0,2
BRDA:8,1,0,2
BRF:2
BRH:2
end_of_record
