TN:
SF:src/calculadoraDuracion.ts
FN:21,calcularDuracionEnDias
FN:40,calcularDuracionEnMeses
FNF:2
FNH:2
FNDA:5,calcularDuracionEnDias
FNDA:5,calcularDuracionEnMeses
DA:1,1
DA:2,1
DA:3,1
DA:4,1
DA:5,1
DA:6,1
DA:7,1
DA:8,1
DA:9,1
DA:10,1
DA:11,1
DA:12,1
DA:13,1
DA:14,1
DA:15,1
DA:16,1
DA:17,1
DA:18,1
DA:19,1
DA:20,1
DA:21,1
DA:22,5
DA:23,5
DA:24,5
DA:25,5
DA:26,5
DA:27,1
DA:28,1
DA:29,1
DA:30,1
DA:31,1
DA:32,1
DA:33,1
DA:34,1
DA:35,1
DA:36,1
DA:37,1
DA:38,1
DA:39,1
DA:40,1
DA:41,5
DA:42,5
DA:43,5
DA:44,5
DA:45,5
DA:46,1
LF:46
LH:46
BRDA:21,0,0,5
BRDA:40,1,0,5
BRF:2
BRH:2
end_of_record
TN:
SF:src/cliente.ts
FN:5,<instance_members_initializer>
FN:15,Cliente
FN:26,getID
FN:36,getNombre
FNF:4
FNH:4
FNDA:7,<instance_members_initializer>
FNDA:7,Cliente
FNDA:2,getID
FNDA:2,getNombre
DA:1,1
DA:2,1
DA:3,1
DA:4,1
DA:5,7
DA:6,7
DA:7,7
DA:8,7
DA:9,7
DA:10,7
DA:11,7
DA:12,7
DA:13,7
DA:14,7
DA:15,7
DA:16,7
DA:17,7
DA:18,7
DA:19,7
DA:20,7
DA:21,7
DA:22,7
DA:23,7
DA:24,7
DA:25,7
DA:26,7
DA:27,2
DA:28,2
DA:29,7
DA:30,7
DA:31,7
DA:32,7
DA:33,7
DA:34,7
DA:35,7
DA:36,7
DA:37,2
DA:38,2
DA:39,7
LF:39
LH:39
BRDA:5,0,0,7
BRDA:15,1,0,7
BRDA:26,2,0,2
BRDA:36,3,0,2
BRF:4
BRH:4
end_of_record
TN:
SF:src/compacto.ts
FN:23,Compacto
FN:48,calcularCostoFinal
FNF:2
FNH:2
FNDA:11,Compacto
FNDA:2,calcularCostoFinal
DA:1,1
DA:2,1
DA:3,1
DA:4,1
DA:5,1
DA:6,1
DA:7,1
DA:8,1
DA:9,1
DA:10,1
DA:11,1
DA:12,1
DA:13,1
DA:14,1
DA:15,1
DA:16,1
DA:17,1
DA:18,1
DA:19,1
DA:20,1
DA:21,1
DA:22,1
DA:23,1
DA:24,11
DA:25,11
DA:26,1
DA:27,1
DA:28,1
DA:29,1
DA:30,1
DA:31,1
DA:32,1
DA:33,1
DA:34,1
DA:35,1
DA:36,1
DA:37,1
DA:38,1
DA:39,1
DA:40,1
DA:41,1
DA:42,1
DA:43,1
DA:44,1
DA:45,1
DA:46,1
DA:47,1
DA:48,1
DA:49,2
DA:50,2
DA:51,2
DA:52,2
DA:53,2
DA:54,2
DA:55,2
DA:56,2
DA:57,2
DA:58,2
DA:59,2
DA:60,2
DA:61,1
DA:62,1
DA:63,2
DA:64,2
DA:65,2
DA:66,2
DA:67,2
DA:68,1
LF:68
LH:68
BRDA:23,0,0,11
BRDA:48,1,0,2
BRDA:60,2,0,1
BRF:3
BRH:3
end_of_record
TN:
SF:src/estadoDisponible.ts
FN:18,<instance_members_initializer>
FN:28,setContexto
FN:37,getNombre
FN:45,alquilar
FN:55,devolver
FN:63,iniciarMantenimiento
FN:73,finalizarMantenimiento
FN:82,estaDisponible
FN:91,estaEnAlquiler
FN:100,estaEnMantenimiento
FNF:10
FNH:9
FNDA:0,<instance_members_initializer>
FNDA:11,setContexto
FNDA:1,getNombre
FNDA:1,alquilar
FNDA:1,devolver
FNDA:1,iniciarMantenimiento
FNDA:1,finalizarMantenimiento
FNDA:1,estaDisponible
FNDA:1,estaEnAlquiler
FNDA:1,estaEnMantenimiento
DA:1,1
DA:2,1
DA:3,1
DA:4,1
DA:5,1
DA:6,1
DA:7,1
DA:8,1
DA:9,1
DA:10,1
DA:11,1
DA:12,1
DA:13,1
DA:14,1
DA:15,1
DA:16,1
DA:17,1
DA:18,0
DA:19,0
DA:20,0
DA:21,0
DA:22,0
DA:23,0
DA:24,0
DA:25,0
DA:26,0
DA:27,0
DA:28,0
DA:29,11
DA:30,11
DA:31,0
DA:32,0
DA:33,0
DA:34,0
DA:35,0
DA:36,0
DA:37,0
DA:38,1
DA:39,1
DA:40,0
DA:41,0
DA:42,0
DA:43,0
DA:44,0
DA:45,0
DA:46,1
DA:47,1
DA:48,0
DA:49,0
DA:50,0
DA:51,0
DA:52,0
DA:53,0
DA:54,0
DA:55,0
DA:56,1
DA:57,1
DA:58,0
DA:59,0
DA:60,0
DA:61,0
DA:62,0
DA:63,0
DA:64,1
DA:65,1
DA:66,0
DA:67,0
DA:68,0
DA:69,0
DA:70,0
DA:71,0
DA:72,0
DA:73,0
DA:74,1
DA:75,1
DA:76,0
DA:77,0
DA:78,0
DA:79,0
DA:80,0
DA:81,0
DA:82,0
DA:83,1
DA:84,1
DA:85,0
DA:86,0
DA:87,0
DA:88,0
DA:89,0
DA:90,0
DA:91,0
DA:92,1
DA:93,1
DA:94,0
DA:95,0
DA:96,0
DA:97,0
DA:98,0
DA:99,0
DA:100,0
DA:101,1
DA:102,1
DA:103,0
LF:103
LH:35
BRDA:18,0,0,0
BRDA:28,1,0,11
BRDA:37,2,0,1
BRDA:45,3,0,1
BRDA:55,4,0,1
BRDA:63,5,0,1
BRDA:73,6,0,1
BRDA:82,7,0,1
BRDA:91,8,0,1
BRDA:100,9,0,1
BRF:10
BRH:9
end_of_record
TN:
SF:src/estadoEnAlquiler.ts
FN:16,<instance_members_initializer>
FN:26,setContexto
FN:35,getNombre
FN:45,alquilar
FN:56,devolver
FN:66,iniciarMantenimiento
FN:76,finalizarMantenimiento
FN:85,estaDisponible
FN:94,estaEnAlquiler
FN:103,estaEnMantenimiento
FNF:10
FNH:9
FNDA:0,<instance_members_initializer>
FNDA:8,setContexto
FNDA:1,getNombre
FNDA:1,alquilar
FNDA:1,devolver
FNDA:1,iniciarMantenimiento
FNDA:1,finalizarMantenimiento
FNDA:1,estaDisponible
FNDA:1,estaEnAlquiler
FNDA:1,estaEnMantenimiento
DA:1,1
DA:2,1
DA:3,1
DA:4,1
DA:5,1
DA:6,1
DA:7,1
DA:8,1
DA:9,1
DA:10,1
DA:11,1
DA:12,1
DA:13,1
DA:14,1
DA:15,1
DA:16,0
DA:17,0
DA:18,0
DA:19,0
DA:20,0
DA:21,0
DA:22,0
DA:23,0
DA:24,0
DA:25,0
DA:26,0
DA:27,8
DA:28,8
DA:29,0
DA:30,0
DA:31,0
DA:32,0
DA:33,0
DA:34,0
DA:35,0
DA:36,1
DA:37,1
DA:38,0
DA:39,0
DA:40,0
DA:41,0
DA:42,0
DA:43,0
DA:44,0
DA:45,0
DA:46,1
DA:47,1
DA:48,0
DA:49,0
DA:50,0
DA:51,0
DA:52,0
DA:53,0
DA:54,0
DA:55,0
DA:56,0
DA:57,1
DA:58,1
DA:59,0
DA:60,0
DA:61,0
DA:62,0
DA:63,0
DA:64,0
DA:65,0
DA:66,0
DA:67,1
DA:68,1
DA:69,0
DA:70,0
DA:71,0
DA:72,0
DA:73,0
DA:74,0
DA:75,0
DA:76,0
DA:77,1
DA:78,1
DA:79,0
DA:80,0
DA:81,0
DA:82,0
DA:83,0
DA:84,0
DA:85,0
DA:86,1
DA:87,1
DA:88,0
DA:89,0
DA:90,0
DA:91,0
DA:92,0
DA:93,0
DA:94,0
DA:95,1
DA:96,1
DA:97,0
DA:98,0
DA:99,0
DA:100,0
DA:101,0
DA:102,0
DA:103,0
DA:104,1
DA:105,1
DA:106,0
LF:106
LH:33
BRDA:16,0,0,0
BRDA:26,1,0,8
BRDA:35,2,0,1
BRDA:45,3,0,1
BRDA:56,4,0,1
BRDA:66,5,0,1
BRDA:76,6,0,1
BRDA:85,7,0,1
BRDA:94,8,0,1
BRDA:103,9,0,1
BRF:10
BRH:9
end_of_record
TN:
SF:src/estadoEnMantenimiento.ts
FN:16,<instance_members_initializer>
FN:25,setContexto
FN:34,getNombre
FN:44,alquilar
FN:54,devolver
FN:64,iniciarMantenimiento
FN:72,finalizarMantenimiento
FN:81,estaDisponible
FN:90,estaEnAlquiler
FN:99,estaEnMantenimiento
FNF:10
FNH:9
FNDA:0,<instance_members_initializer>
FNDA:8,setContexto
FNDA:1,getNombre
FNDA:1,alquilar
FNDA:1,devolver
FNDA:1,iniciarMantenimiento
FNDA:1,finalizarMantenimiento
FNDA:1,estaDisponible
FNDA:1,estaEnAlquiler
FNDA:1,estaEnMantenimiento
DA:1,1
DA:2,1
DA:3,1
DA:4,1
DA:5,1
DA:6,1
DA:7,1
DA:8,1
DA:9,1
DA:10,1
DA:11,1
DA:12,1
DA:13,1
DA:14,1
DA:15,1
DA:16,0
DA:17,0
DA:18,0
DA:19,0
DA:20,0
DA:21,0
DA:22,0
DA:23,0
DA:24,0
DA:25,0
DA:26,8
DA:27,8
DA:28,0
DA:29,0
DA:30,0
DA:31,0
DA:32,0
DA:33,0
DA:34,0
DA:35,1
DA:36,1
DA:37,0
DA:38,0
DA:39,0
DA:40,0
DA:41,0
DA:42,0
DA:43,0
DA:44,0
DA:45,1
DA:46,1
DA:47,0
DA:48,0
DA:49,0
DA:50,0
DA:51,0
DA:52,0
DA:53,0
DA:54,0
DA:55,1
DA:56,1
DA:57,0
DA:58,0
DA:59,0
DA:60,0
DA:61,0
DA:62,0
DA:63,0
DA:64,0
DA:65,1
DA:66,1
DA:67,0
DA:68,0
DA:69,0
DA:70,0
DA:71,0
DA:72,0
DA:73,1
DA:74,1
DA:75,0
DA:76,0
DA:77,0
DA:78,0
DA:79,0
DA:80,0
DA:81,0
DA:82,1
DA:83,1
DA:84,0
DA:85,0
DA:86,0
DA:87,0
DA:88,0
DA:89,0
DA:90,0
DA:91,1
DA:92,1
DA:93,0
DA:94,0
DA:95,0
DA:96,0
DA:97,0
DA:98,0
DA:99,0
DA:100,1
DA:101,1
DA:102,0
LF:102
LH:33
BRDA:16,0,0,0
BRDA:25,1,0,8
BRDA:34,2,0,1
BRDA:44,3,0,1
BRDA:54,4,0,1
BRDA:64,5,0,1
BRDA:72,6,0,1
BRDA:81,7,0,1
BRDA:90,8,0,1
BRDA:99,9,0,1
BRF:10
BRH:9
end_of_record
TN:
SF:src/generadorReportes.ts
FN:18,<instance_members_initializer>
FN:29,GeneradorReportes
FN:49,vehiculosMasYMenosAlquilados
FN:101,vehiculosConMasYMenosRentabilidad
FN:146,calcularOcupacionDeFlota
FNF:5
FNH:5
FNDA:5,<instance_members_initializer>
FNDA:5,GeneradorReportes
FNDA:2,vehiculosMasYMenosAlquilados
FNDA:2,vehiculosConMasYMenosRentabilidad
FNDA:1,calcularOcupacionDeFlota
DA:1,1
DA:2,1
DA:3,1
DA:4,1
DA:5,1
DA:6,1
DA:7,1
DA:8,1
DA:9,1
DA:10,1
DA:11,1
DA:12,1
DA:13,1
DA:14,1
DA:15,1
DA:16,1
DA:17,1
DA:18,5
DA:19,5
DA:20,5
DA:21,5
DA:22,5
DA:23,5
DA:24,5
DA:25,5
DA:26,5
DA:27,5
DA:28,5
DA:29,5
DA:30,5
DA:31,5
DA:32,5
DA:33,5
DA:34,5
DA:35,5
DA:36,5
DA:37,5
DA:38,5
DA:39,5
DA:40,5
DA:41,5
DA:42,5
DA:43,5
DA:44,5
DA:45,5
DA:46,5
DA:47,5
DA:48,5
DA:49,5
DA:50,2
DA:51,2
DA:52,2
DA:53,2
DA:54,2
DA:55,2
DA:56,2
DA:57,2
DA:58,2
DA:59,2
DA:60,2
DA:61,2
DA:62,2
DA:63,2
DA:64,2
DA:65,2
DA:66,2
DA:67,2
DA:68,2
DA:69,2
DA:70,2
DA:71,1
DA:72,1
DA:73,1
DA:74,2
DA:75,2
DA:76,2
DA:77,2
DA:78,2
DA:79,2
DA:80,2
DA:81,2
DA:82,1
DA:83,1
DA:84,1
DA:85,1
DA:86,1
DA:87,1
DA:88,1
DA:89,1
DA:90,2
DA:91,5
DA:92,5
DA:93,5
DA:94,5
DA:95,5
DA:96,5
DA:97,5
DA:98,5
DA:99,5
DA:100,5
DA:101,5
DA:102,2
DA:103,2
DA:104,2
DA:105,2
DA:106,2
DA:107,2
DA:108,2
DA:109,2
DA:110,2
DA:111,2
DA:112,2
DA:113,2
DA:114,1
DA:115,1
DA:116,1
DA:117,2
DA:118,2
DA:119,2
DA:120,2
DA:121,2
DA:122,2
DA:123,2
DA:124,2
DA:125,1
DA:126,1
DA:127,1
DA:128,1
DA:129,1
DA:130,1
DA:131,1
DA:132,1
DA:133,2
DA:134,5
DA:135,5
DA:136,5
DA:137,5
DA:138,5
DA:139,5
DA:140,5
DA:141,5
DA:142,5
DA:143,5
DA:144,5
DA:145,5
DA:146,5
DA:147,1
DA:148,1
DA:149,1
DA:150,1
DA:151,1
DA:152,1
DA:153,1
DA:154,1
DA:155,1
DA:156,1
DA:157,1
DA:158,1
DA:159,5
LF:159
LH:159
BRDA:18,0,0,5
BRDA:29,1,0,5
BRDA:49,2,0,2
BRDA:70,3,0,1
BRDA:81,4,0,1
BRDA:101,5,0,2
BRDA:113,6,0,1
BRDA:124,7,0,1
BRDA:146,8,0,1
BRDA:151,9,0,2
BRF:10
BRH:10
end_of_record
TN:
SF:src/repositorioReservas.ts
FN:16,<instance_members_initializer>
FN:25,RepositorioReservas
FN:39,agregarReserva
FN:67,eliminarReserva
FN:80,obtenerReservaPorId
FN:96,obtenerReservasEnConflicto
FN:116,obtenerReservasPorPeriodo
FN:133,obtenerTodas
FNF:8
FNH:8
FNDA:11,<instance_members_initializer>
FNDA:11,RepositorioReservas
FNDA:8,agregarReserva
FNDA:2,eliminarReserva
FNDA:2,obtenerReservaPorId
FNDA:2,obtenerReservasEnConflicto
FNDA:2,obtenerReservasPorPeriodo
FNDA:1,obtenerTodas
DA:1,1
DA:2,1
DA:3,1
DA:4,1
DA:5,1
DA:6,1
DA:7,1
DA:8,1
DA:9,1
DA:10,1
DA:11,1
DA:12,1
DA:13,1
DA:14,1
DA:15,1
DA:16,11
DA:17,11
DA:18,11
DA:19,11
DA:20,11
DA:21,11
DA:22,11
DA:23,11
DA:24,11
DA:25,11
DA:26,11
DA:27,11
DA:28,11
DA:29,11
DA:30,11
DA:31,11
DA:32,11
DA:33,11
DA:34,11
DA:35,11
DA:36,11
DA:37,11
DA:38,11
DA:39,11
DA:40,8
DA:41,8
DA:42,8
DA:43,8
DA:44,8
DA:45,8
DA:46,8
DA:47,8
DA:48,8
DA:49,8
DA:50,8
DA:51,8
DA:52,8
DA:53,8
DA:54,8
DA:55,8
DA:56,8
DA:57,8
DA:58,8
DA:59,8
DA:60,11
DA:61,11
DA:62,11
DA:63,11
DA:64,11
DA:65,11
DA:66,11
DA:67,11
DA:68,2
DA:69,2
DA:70,1
DA:71,1
DA:72,2
DA:73,11
DA:74,11
DA:75,11
DA:76,11
DA:77,11
DA:78,11
DA:79,11
DA:80,11
DA:81,2
DA:82,2
DA:83,11
DA:84,11
DA:85,11
DA:86,11
DA:87,11
DA:88,11
DA:89,11
DA:90,11
DA:91,11
DA:92,11
DA:93,11
DA:94,11
DA:95,11
DA:96,11
DA:97,2
DA:98,2
DA:99,2
DA:100,2
DA:101,1
DA:102,1
DA:103,2
DA:104,2
DA:105,2
DA:106,2
DA:107,11
DA:108,11
DA:109,11
DA:110,11
DA:111,11
DA:112,11
DA:113,11
DA:114,11
DA:115,11
DA:116,11
DA:117,2
DA:118,2
DA:119,2
DA:120,2
DA:121,1
DA:122,1
DA:123,2
DA:124,2
DA:125,2
DA:126,2
DA:127,11
DA:128,11
DA:129,11
DA:130,11
DA:131,11
DA:132,11
DA:133,11
DA:134,1
DA:135,1
DA:136,11
LF:136
LH:136
BRDA:16,0,0,11
BRDA:25,1,0,11
BRDA:39,2,0,8
BRDA:67,3,0,2
BRDA:69,4,0,1
BRDA:80,5,0,2
BRDA:96,6,0,2
BRDA:100,7,0,1
BRDA:100,8,0,1
BRDA:116,9,0,2
BRDA:120,10,0,1
BRDA:120,11,0,1
BRDA:133,12,0,1
BRF:13
BRH:13
end_of_record
TN:
SF:src/repositorioVehiculos.ts
FN:11,<instance_members_initializer>
FN:18,RepositorioVehiculos
FN:30,agregarVehiculo
FN:40,obtenerPorMatricula
FN:49,obtenerTodos
FN:60,eliminarPorMatricula
FNF:6
FNH:6
FNDA:6,<instance_members_initializer>
FNDA:6,RepositorioVehiculos
FNDA:4,agregarVehiculo
FNDA:2,obtenerPorMatricula
FNDA:3,obtenerTodos
FNDA:2,eliminarPorMatricula
DA:1,1
DA:2,1
DA:3,1
DA:4,1
DA:5,1
DA:6,1
DA:7,1
DA:8,1
DA:9,1
DA:10,1
DA:11,6
DA:12,6
DA:13,6
DA:14,6
DA:15,6
DA:16,6
DA:17,6
DA:18,6
DA:19,6
DA:20,6
DA:21,6
DA:22,6
DA:23,6
DA:24,6
DA:25,6
DA:26,6
DA:27,6
DA:28,6
DA:29,6
DA:30,6
DA:31,4
DA:32,4
DA:33,6
DA:34,6
DA:35,6
DA:36,6
DA:37,6
DA:38,6
DA:39,6
DA:40,6
DA:41,2
DA:42,2
DA:43,6
DA:44,6
DA:45,6
DA:46,6
DA:47,6
DA:48,6
DA:49,6
DA:50,3
DA:51,3
DA:52,6
DA:53,6
DA:54,6
DA:55,6
DA:56,6
DA:57,6
DA:58,6
DA:59,6
DA:60,6
DA:61,2
DA:62,2
DA:63,2
DA:64,1
DA:65,1
DA:66,2
DA:67,6
LF:67
LH:67
BRDA:11,0,0,6
BRDA:18,1,0,6
BRDA:30,2,0,4
BRDA:40,3,0,2
BRDA:49,4,0,3
BRDA:60,5,0,2
BRDA:63,6,0,1
BRF:7
BRH:7
end_of_record
TN:
SF:src/reserva.ts
FN:20,<instance_members_initializer>
FN:39,Reserva
FN:60,getId
FN:69,getFechaInicio
FN:78,getFechaFin
FN:87,getVehiculo
FN:96,getCliente
FN:105,getTemporada
FNF:8
FNH:7
FNDA:0,<instance_members_initializer>
FNDA:7,Reserva
FNDA:1,getId
FNDA:1,getFechaInicio
FNDA:1,getFechaFin
FNDA:1,getVehiculo
FNDA:1,getCliente
FNDA:1,getTemporada
DA:1,1
DA:2,1
DA:3,1
DA:4,1
DA:5,1
DA:6,1
DA:7,1
DA:8,1
DA:9,1
DA:10,1
DA:11,1
DA:12,1
DA:13,1
DA:14,1
DA:15,1
DA:16,1
DA:17,1
DA:18,1
DA:19,1
DA:20,0
DA:21,0
DA:22,0
DA:23,0
DA:24,0
DA:25,0
DA:26,0
DA:27,0
DA:28,0
DA:29,0
DA:30,0
DA:31,0
DA:32,0
DA:33,0
DA:34,0
DA:35,0
DA:36,0
DA:37,0
DA:38,0
DA:39,0
DA:40,7
DA:41,7
DA:42,7
DA:43,7
DA:44,7
DA:45,7
DA:46,7
DA:47,7
DA:48,7
DA:49,7
DA:50,7
DA:51,7
DA:52,7
DA:53,7
DA:54,0
DA:55,0
DA:56,0
DA:57,0
DA:58,0
DA:59,0
DA:60,0
DA:61,1
DA:62,1
DA:63,0
DA:64,0
DA:65,0
DA:66,0
DA:67,0
DA:68,0
DA:69,0
DA:70,1
DA:71,1
DA:72,0
DA:73,0
DA:74,0
DA:75,0
DA:76,0
DA:77,0
DA:78,0
DA:79,1
DA:80,1
DA:81,0
DA:82,0
DA:83,0
DA:84,0
DA:85,0
DA:86,0
DA:87,0
DA:88,1
DA:89,1
DA:90,0
DA:91,0
DA:92,0
DA:93,0
DA:94,0
DA:95,0
DA:96,0
DA:97,1
DA:98,1
DA:99,0
DA:100,0
DA:101,0
DA:102,0
DA:103,0
DA:104,0
DA:105,0
DA:106,1
DA:107,1
DA:108,0
LF:108
LH:45
BRDA:20,0,0,0
BRDA:39,1,0,7
BRDA:60,2,0,1
BRDA:69,3,0,1
BRDA:78,4,0,1
BRDA:87,5,0,1
BRDA:96,6,0,1
BRDA:105,7,0,1
BRF:8
BRH:7
end_of_record
TN:
SF:src/sedan.ts
FN:22,Sedan
FN:43,calcularCostoFinal
FNF:2
FNH:2
FNDA:11,Sedan
FNDA:2,calcularCostoFinal
DA:1,1
DA:2,1
DA:3,1
DA:4,1
DA:5,1
DA:6,1
DA:7,1
DA:8,1
DA:9,1
DA:10,1
DA:11,1
DA:12,1
DA:13,1
DA:14,1
DA:15,1
DA:16,1
DA:17,1
DA:18,1
DA:19,1
DA:20,1
DA:21,1
DA:22,1
DA:23,11
DA:24,11
DA:25,1
DA:26,1
DA:27,1
DA:28,1
DA:29,1
DA:30,1
DA:31,1
DA:32,1
DA:33,1
DA:34,1
DA:35,1
DA:36,1
DA:37,1
DA:38,1
DA:39,1
DA:40,1
DA:41,1
DA:42,1
DA:43,1
DA:44,2
DA:45,2
DA:46,2
DA:47,2
DA:48,2
DA:49,2
DA:50,2
DA:51,2
DA:52,2
DA:53,2
DA:54,2
DA:55,2
DA:56,2
DA:57,2
DA:58,2
DA:59,2
DA:60,2
DA:61,2
DA:62,2
DA:63,1
LF:63
LH:63
BRDA:22,0,0,11
BRDA:43,1,0,2
BRF:2
BRH:2
end_of_record
TN:
SF:src/sistemaDeAlquiler.ts
FN:21,<instance_members_initializer>
FN:32,SistemaDeAlquiler
FN:49,agregarVehiculo
FN:70,crearReserva
FN:117,entregarVehiculo
FNF:5
FNH:5
FNDA:5,<instance_members_initializer>
FNDA:5,SistemaDeAlquiler
FNDA:1,agregarVehiculo
FNDA:2,crearReserva
FNDA:2,entregarVehiculo
DA:1,1
DA:2,1
DA:3,1
DA:4,1
DA:5,1
DA:6,1
DA:7,1
DA:8,1
DA:9,1
DA:10,1
DA:11,1
DA:12,1
DA:13,1
DA:14,1
DA:15,1
DA:16,1
DA:17,1
DA:18,1
DA:19,1
DA:20,1
DA:21,5
DA:22,5
DA:23,5
DA:24,5
DA:25,5
DA:26,5
DA:27,5
DA:28,5
DA:29,5
DA:30,5
DA:31,5
DA:32,5
DA:33,5
DA:34,5
DA:35,5
DA:36,5
DA:37,5
DA:38,5
DA:39,5
DA:40,5
DA:41,5
DA:42,5
DA:43,5
DA:44,5
DA:45,5
DA:46,5
DA:47,5
DA:48,5
DA:49,5
DA:50,1
DA:51,1
DA:52,5
DA:53,5
DA:54,5
DA:55,5
DA:56,5
DA:57,5
DA:58,5
DA:59,5
DA:60,5
DA:61,5
DA:62,5
DA:63,5
DA:64,5
DA:65,5
DA:66,5
DA:67,5
DA:68,5
DA:69,5
DA:70,5
DA:71,2
DA:72,2
DA:73,2
DA:74,2
DA:75,2
DA:76,2
DA:77,2
DA:78,1
DA:79,1
DA:80,1
DA:81,1
DA:82,1
DA:83,1
DA:84,1
DA:85,1
DA:86,1
DA:87,1
DA:88,1
DA:89,2
DA:90,5
DA:91,5
DA:92,5
DA:93,5
DA:94,5
DA:95,5
DA:96,5
DA:97,5
DA:98,5
DA:99,5
DA:100,5
DA:101,5
DA:102,5
DA:103,5
DA:104,5
DA:105,5
DA:106,5
DA:107,5
DA:108,5
DA:109,5
DA:110,5
DA:111,5
DA:112,5
DA:113,5
DA:114,5
DA:115,5
DA:116,5
DA:117,5
DA:118,2
DA:119,2
DA:120,2
DA:121,2
DA:122,2
DA:123,2
DA:124,2
DA:125,2
DA:126,2
DA:127,2
DA:128,2
DA:129,2
DA:130,2
DA:131,2
DA:132,1
DA:133,2
DA:134,1
DA:135,1
DA:136,1
DA:137,1
DA:138,2
DA:139,2
DA:140,2
DA:141,2
DA:142,2
DA:143,2
DA:144,2
DA:145,2
DA:146,2
DA:147,2
DA:148,2
DA:149,2
DA:150,2
DA:151,2
DA:152,2
DA:153,2
DA:154,5
LF:154
LH:154
BRDA:21,0,0,5
BRDA:32,1,0,5
BRDA:49,2,0,1
BRDA:70,3,0,2
BRDA:77,4,0,1
BRDA:117,5,0,2
BRDA:130,6,0,1
BRDA:131,7,0,1
BRDA:133,8,0,1
BRF:9
BRH:9
end_of_record
TN:
SF:src/suv.ts
FN:19,<instance_members_initializer>
FN:31,Suv
FN:52,calcularCostoFinal
FNF:3
FNH:3
FNDA:11,<instance_members_initializer>
FNDA:11,Suv
FNDA:2,calcularCostoFinal
DA:1,1
DA:2,1
DA:3,1
DA:4,1
DA:5,1
DA:6,1
DA:7,1
DA:8,1
DA:9,1
DA:10,1
DA:11,1
DA:12,1
DA:13,1
DA:14,1
DA:15,1
DA:16,1
DA:17,1
DA:18,1
DA:19,11
DA:20,11
DA:21,11
DA:22,11
DA:23,11
DA:24,11
DA:25,11
DA:26,11
DA:27,11
DA:28,11
DA:29,11
DA:30,11
DA:31,11
DA:32,11
DA:33,11
DA:34,11
DA:35,11
DA:36,11
DA:37,11
DA:38,11
DA:39,11
DA:40,11
DA:41,11
DA:42,11
DA:43,11
DA:44,11
DA:45,11
DA:46,11
DA:47,11
DA:48,11
DA:49,11
DA:50,11
DA:51,11
DA:52,11
DA:53,2
DA:54,2
DA:55,2
DA:56,2
DA:57,2
DA:58,2
DA:59,2
DA:60,2
DA:61,2
DA:62,2
DA:63,2
DA:64,2
DA:65,1
DA:66,1
DA:67,2
DA:68,2
DA:69,2
DA:70,2
DA:71,2
DA:72,2
DA:73,11
LF:73
LH:73
BRDA:19,0,0,11
BRDA:31,1,0,11
BRDA:52,2,0,2
BRDA:64,3,0,1
BRF:4
BRH:4
end_of_record
TN:
SF:src/temporadaAlta.ts
FN:19,obtenerFactorAjuste
FNF:1
FNH:1
FNDA:3,obtenerFactorAjuste
DA:1,1
DA:2,1
DA:3,1
DA:4,1
DA:5,1
DA:6,1
DA:7,1
DA:8,1
DA:9,1
DA:10,1
DA:11,1
DA:12,1
DA:13,1
DA:14,1
DA:15,1
DA:16,1
DA:17,1
DA:18,1
DA:19,1
DA:20,3
DA:21,3
DA:22,1
LF:22
LH:22
BRDA:19,0,0,3
BRF:1
BRH:1
end_of_record
TN:
SF:src/temporadaBaja.ts
FN:20,obtenerFactorAjuste
FNF:1
FNH:1
FNDA:3,obtenerFactorAjuste
DA:1,1
DA:2,1
DA:3,1
DA:4,1
DA:5,1
DA:6,1
DA:7,1
DA:8,1
DA:9,1
DA:10,1
DA:11,1
DA:12,1
DA:13,1
DA:14,1
DA:15,1
DA:16,1
DA:17,1
DA:18,1
DA:19,1
DA:20,1
DA:21,3
DA:22,3
DA:23,1
LF:23
LH:23
BRDA:20,0,0,3
BRF:1
BRH:1
end_of_record
TN:
SF:src/temporadaMedia.ts
FN:19,obtenerFactorAjuste
FNF:1
FNH:1
FNDA:3,obtenerFactorAjuste
DA:1,1
DA:2,1
DA:3,1
DA:4,1
DA:5,1
DA:6,1
DA:7,1
DA:8,1
DA:9,1
DA:10,1
DA:11,1
DA:12,1
DA:13,1
DA:14,1
DA:15,1
DA:16,1
DA:17,1
DA:18,1
DA:19,1
DA:20,3
DA:21,3
DA:22,1
LF:22
LH:22
BRDA:19,0,0,3
BRF:1
BRH:1
end_of_record
TN:
SF:src/vehiculo.ts
FN:21,<instance_members_initializer>
FN:60,Vehiculo
FN:92,necesitaMantenimientoPorAlquileres
FN:101,necesitaMantenimientoPorKm
FN:111,necesitaMantenimientoPorTiempo
FN:122,getCostoMantenimiento
FN:128,getRentabilidad
FN:137,disminuirRentabilidad
FN:146,aumentarRentabilidad
FN:152,incrementarAlquileres
FN:162,actualizarKilometros
FN:167,getKmDesdeElUltimoMantenimiento
FN:172,getFechaUltimoMantenimiento
FN:177,getAlquileresCompletados
FN:182,getNumeroMatricula
FN:187,getCantidadTotalAlquileres
FN:197,setEstado
FN:203,estaEnAlquiler
FN:208,estaDisponible
FN:213,estaEnMantenimiento
FN:218,intentarAlquilar
FN:223,intentarDevolver
FNF:22
FNH:22
FNDA:11,<instance_members_initializer>
FNDA:11,Vehiculo
FNDA:2,necesitaMantenimientoPorAlquileres
FNDA:2,necesitaMantenimientoPorKm
FNDA:1,necesitaMantenimientoPorTiempo
FNDA:1,getCostoMantenimiento
FNDA:3,getRentabilidad
FNDA:1,disminuirRentabilidad
FNDA:2,aumentarRentabilidad
FNDA:5,incrementarAlquileres
FNDA:1,actualizarKilometros
FNDA:1,getKmDesdeElUltimoMantenimiento
FNDA:1,getFechaUltimoMantenimiento
FNDA:1,getAlquileresCompletados
FNDA:1,getNumeroMatricula
FNDA:1,getCantidadTotalAlquileres
FNDA:3,setEstado
FNDA:1,estaEnAlquiler
FNDA:1,estaDisponible
FNDA:1,estaEnMantenimiento
FNDA:1,intentarAlquilar
FNDA:1,intentarDevolver
DA:1,1
DA:2,1
DA:3,1
DA:4,1
DA:5,1
DA:6,1
DA:7,1
DA:8,1
DA:9,1
DA:10,1
DA:11,1
DA:12,1
DA:13,1
DA:14,1
DA:15,1
DA:16,1
DA:17,1
DA:18,1
DA:19,1
DA:20,1
DA:21,11
DA:22,11
DA:23,11
DA:24,11
DA:25,11
DA:26,11
DA:27,11
DA:28,11
DA:29,11
DA:30,11
DA:31,11
DA:32,11
DA:33,11
DA:34,11
DA:35,11
DA:36,11
DA:37,11
DA:38,11
DA:39,11
DA:40,11
DA:41,11
DA:42,11
DA:43,11
DA:44,11
DA:45,11
DA:46,11
DA:47,11
DA:48,11
DA:49,11
DA:50,11
DA:51,11
DA:52,11
DA:53,11
DA:54,11
DA:55,11
DA:56,11
DA:57,11
DA:58,11
DA:59,11
DA:60,11
DA:61,11
DA:62,11
DA:63,11
DA:64,11
DA:65,11
DA:66,11
DA:67,11
DA:68,11
DA:69,11
DA:70,11
DA:71,11
DA:72,11
DA:73,11
DA:74,11
DA:75,11
DA:76,11
DA:77,11
DA:78,11
DA:79,11
DA:80,11
DA:81,11
DA:82,11
DA:83,11
DA:84,11
DA:85,11
DA:86,11
DA:87,11
DA:88,11
DA:89,11
DA:90,11
DA:91,11
DA:92,11
DA:93,2
DA:94,2
DA:95,11
DA:96,11
DA:97,11
DA:98,11
DA:99,11
DA:100,11
DA:101,11
DA:102,2
DA:103,2
DA:104,11
DA:105,11
DA:106,11
DA:107,11
DA:108,11
DA:109,11
DA:110,11
DA:111,11
DA:112,1
DA:113,1
DA:114,1
DA:115,1
DA:116,1
DA:117,1
DA:118,11
DA:119,11
DA:120,11
DA:121,11
DA:122,11
DA:123,1
DA:124,1
DA:125,11
DA:126,11
DA:127,11
DA:128,11
DA:129,3
DA:130,3
DA:131,11
DA:132,11
DA:133,11
DA:134,11
DA:135,11
DA:136,11
DA:137,11
DA:138,1
DA:139,1
DA:140,11
DA:141,11
DA:142,11
DA:143,11
DA:144,11
DA:145,11
DA:146,11
DA:147,2
DA:148,2
DA:149,11
DA:150,11
DA:151,11
DA:152,11
DA:153,5
DA:154,5
DA:155,5
DA:156,11
DA:157,11
DA:158,11
DA:159,11
DA:160,11
DA:161,11
DA:162,11
DA:163,1
DA:164,1
DA:165,11
DA:166,11
DA:167,11
DA:168,1
DA:169,1
DA:170,11
DA:171,11
DA:172,11
DA:173,1
DA:174,1
DA:175,11
DA:176,11
DA:177,11
DA:178,1
DA:179,1
DA:180,11
DA:181,11
DA:182,11
DA:183,1
DA:184,1
DA:185,11
DA:186,11
DA:187,11
DA:188,1
DA:189,11
DA:190,11
DA:191,11
DA:192,11
DA:193,11
DA:194,11
DA:195,11
DA:196,11
DA:197,11
DA:198,3
DA:199,3
DA:200,3
DA:201,11
DA:202,11
DA:203,11
DA:204,1
DA:205,1
DA:206,11
DA:207,11
DA:208,11
DA:209,1
DA:210,1
DA:211,11
DA:212,11
DA:213,11
DA:214,1
DA:215,1
DA:216,11
DA:217,11
DA:218,11
DA:219,1
DA:220,1
DA:221,11
DA:222,11
DA:223,11
DA:224,1
DA:225,1
DA:226,11
DA:227,11
DA:228,11
DA:229,11
DA:230,11
DA:231,11
DA:232,11
DA:233,11
DA:234,11
DA:235,11
DA:236,11
DA:237,11
DA:238,11
DA:239,11
DA:240,11
DA:241,11
DA:242,11
DA:243,11
DA:244,11
LF:244
LH:244
BRDA:21,0,0,11
BRDA:60,1,0,11
BRDA:92,2,0,2
BRDA:101,3,0,2
BRDA:111,4,0,1
BRDA:122,5,0,1
BRDA:128,6,0,3
BRDA:137,7,0,1
BRDA:146,8,0,2
BRDA:152,9,0,5
BRDA:162,10,0,1
BRDA:167,11,0,1
BRDA:172,12,0,1
BRDA:177,13,0,1
BRDA:182,14,0,1
BRDA:187,15,0,1
BRDA:197,16,0,3
BRDA:203,17,0,1
BRDA:208,18,0,1
BRDA:213,19,0,1
BRDA:218,20,0,1
BRDA:223,21,0,1
BRF:22
BRH:22
end_of_record
TN:
SF:src/verificadorDisponibilidad.ts
FN:14,<instance_members_initializer>
FN:24,VerificadorDisponibilidad
FN:41,estaDisponible
FN:69,verificarAutoDisponible
FNF:4
FNH:3
FNDA:0,<instance_members_initializer>
FNDA:5,VerificadorDisponibilidad
FNDA:5,estaDisponible
FNDA:5,verificarAutoDisponible
DA:1,1
DA:2,1
DA:3,1
DA:4,1
DA:5,1
DA:6,1
DA:7,1
DA:8,1
DA:9,1
DA:10,1
DA:11,1
DA:12,1
DA:13,1
DA:14,0
DA:15,0
DA:16,0
DA:17,0
DA:18,0
DA:19,0
DA:20,0
DA:21,0
DA:22,0
DA:23,0
DA:24,0
DA:25,5
DA:26,5
DA:27,5
DA:28,0
DA:29,0
DA:30,0
DA:31,0
DA:32,0
DA:33,0
DA:34,0
DA:35,0
DA:36,0
DA:37,0
DA:38,0
DA:39,0
DA:40,0
DA:41,0
DA:42,5
DA:43,5
DA:44,5
DA:45,2
DA:46,2
DA:47,3
DA:48,3
DA:49,3
DA:50,3
DA:51,3
DA:52,3
DA:53,5
DA:54,2
DA:55,1
DA:56,1
DA:57,2
DA:58,2
DA:59,2
DA:60,2
DA:61,0
DA:62,0
DA:63,0
DA:64,0
DA:65,0
DA:66,0
DA:67,0
DA:68,0
DA:69,0
DA:70,5
DA:71,5
DA:72,5
DA:73,5
DA:74,0
LF:74
LH:39
BRDA:14,0,0,0
BRDA:24,1,0,5
BRDA:41,2,0,5
BRDA:44,3,0,2
BRDA:47,4,0,3
BRDA:53,5,0,2
BRDA:54,6,0,1
BRDA:69,7,0,5
BRDA:72,8,0,4
BRF:9
BRH:8
end_of_record
